{"uuid":"7809e564-cafd-4e9b-9cd8-3899767c7337","historyId":"5f7e034fcb375c388d582a0c671f1e5b","fullName":"Vodafone Shop Functionality: Vodafone Shop","labels":[{"name":"tag","value":"End2End"},{"name":"host","value":"DESKTOP-3M64TVO"},{"name":"thread","value":"14468@DESKTOP-3M64TVO.main(1)"},{"name":"feature","value":"Vodafone Shop Functionality"},{"name":"story","value":"Vodafone Shop"},{"name":"suite","value":"Vodafone Shop Functionality"},{"name":"testClass","value":"Vodafone Shop"},{"name":"framework","value":"cucumber4jvm"},{"name":"language","value":"java"},{"name":"gherkin_uri","value":"file:///C:/Users/WIN%2010/Desktop/GUI_Vodafone_Task/src/main/resources/features/End2End.feature"},{"name":"package","value":"src.main.resources.features.End2End_feature.Vodafone Shop Functionality"}],"links":[],"name":"Vodafone Shop","status":"broken","statusDetails":{"known":false,"muted":false,"flaky":false,"message":"element click intercepted: Element <button _ngcontent-cxr-c114=\"\" class=\"btn btn-red\" sec_uuid=\"6e025f60ff35\">...</button> is not clickable at point (1130, 586). Other element would receive the click: <a _ngcontent-cxr-c51=\"\" href=\"https://web.vodafone.com.eg/ar/privacy-policy-of-vodafone-egypt\" class=\"cookieLink\" sec_uuid=\"9f2abb521675\">...</a>\n  (Session info: chrome=111.0.5563.147)\nBuild info: version: '4.8.3', revision: 'e5e76298c3'\nSystem info: os.name: 'Windows 10', os.arch: 'amd64', os.version: '10.0', java.version: '19.0.2'\nDriver info: org.openqa.selenium.chrome.ChromeDriver\nCommand: [882a05d5edf37ba24886064c4d64d9ca, clickElement {id=d9be56e4-d7b3-4220-bcf5-9c3ad860d7df}]\nCapabilities {acceptInsecureCerts: false, browserName: chrome, browserVersion: 111.0.5563.147, chrome: {chromedriverVersion: 111.0.5563.64 (c710e93d5b63..., userDataDir: C:\\Users\\WIN10~1\\AppData\\Lo...}, goog:chromeOptions: {debuggerAddress: localhost:62038}, networkConnectionEnabled: false, pageLoadStrategy: normal, platformName: WINDOWS, proxy: Proxy(), se:cdp: ws://localhost:62038/devtoo..., se:cdpVersion: 111.0.5563.147, setWindowRect: true, strictFileInteractability: false, timeouts: {implicit: 0, pageLoad: 300000, script: 30000}, unhandledPromptBehavior: dismiss and notify, webauthn:extension:credBlob: true, webauthn:extension:largeBlob: true, webauthn:extension:minPinLength: true, webauthn:extension:prf: true, webauthn:virtualAuthenticators: true}\nElement: [[ChromeDriver: chrome on WINDOWS (882a05d5edf37ba24886064c4d64d9ca)] -> xpath: /html/body/app-root/div/app-shoping-cart/div/div[1]/div[2]/div[2]/div[2]/div/div[3]/button]\nSession ID: 882a05d5edf37ba24886064c4d64d9ca","trace":"org.openqa.selenium.ElementClickInterceptedException: element click intercepted: Element <button _ngcontent-cxr-c114=\"\" class=\"btn btn-red\" sec_uuid=\"6e025f60ff35\">...</button> is not clickable at point (1130, 586). Other element would receive the click: <a _ngcontent-cxr-c51=\"\" href=\"https://web.vodafone.com.eg/ar/privacy-policy-of-vodafone-egypt\" class=\"cookieLink\" sec_uuid=\"9f2abb521675\">...</a>\n  (Session info: chrome=111.0.5563.147)\nBuild info: version: '4.8.3', revision: 'e5e76298c3'\nSystem info: os.name: 'Windows 10', os.arch: 'amd64', os.version: '10.0', java.version: '19.0.2'\nDriver info: org.openqa.selenium.chrome.ChromeDriver\nCommand: [882a05d5edf37ba24886064c4d64d9ca, clickElement {id=d9be56e4-d7b3-4220-bcf5-9c3ad860d7df}]\nCapabilities {acceptInsecureCerts: false, browserName: chrome, browserVersion: 111.0.5563.147, chrome: {chromedriverVersion: 111.0.5563.64 (c710e93d5b63..., userDataDir: C:\\Users\\WIN10~1\\AppData\\Lo...}, goog:chromeOptions: {debuggerAddress: localhost:62038}, networkConnectionEnabled: false, pageLoadStrategy: normal, platformName: WINDOWS, proxy: Proxy(), se:cdp: ws://localhost:62038/devtoo..., se:cdpVersion: 111.0.5563.147, setWindowRect: true, strictFileInteractability: false, timeouts: {implicit: 0, pageLoad: 300000, script: 30000}, unhandledPromptBehavior: dismiss and notify, webauthn:extension:credBlob: true, webauthn:extension:largeBlob: true, webauthn:extension:minPinLength: true, webauthn:extension:prf: true, webauthn:virtualAuthenticators: true}\nElement: [[ChromeDriver: chrome on WINDOWS (882a05d5edf37ba24886064c4d64d9ca)] -> xpath: /html/body/app-root/div/app-shoping-cart/div/div[1]/div[2]/div[2]/div[2]/div/div[3]/button]\nSession ID: 882a05d5edf37ba24886064c4d64d9ca\r\n\tat java.base/jdk.internal.reflect.DirectConstructorHandleAccessor.newInstance(DirectConstructorHandleAccessor.java:67)\r\n\tat java.base/java.lang.reflect.Constructor.newInstanceWithCaller(Constructor.java:500)\r\n\tat java.base/java.lang.reflect.Constructor.newInstance(Constructor.java:484)\r\n\tat org.openqa.selenium.remote.codec.w3c.W3CHttpResponseCodec.createException(W3CHttpResponseCodec.java:200)\r\n\tat org.openqa.selenium.remote.codec.w3c.W3CHttpResponseCodec.decode(W3CHttpResponseCodec.java:133)\r\n\tat org.openqa.selenium.remote.codec.w3c.W3CHttpResponseCodec.decode(W3CHttpResponseCodec.java:53)\r\n\tat org.openqa.selenium.remote.HttpCommandExecutor.execute(HttpCommandExecutor.java:193)\r\n\tat org.openqa.selenium.remote.service.DriverCommandExecutor.invokeExecute(DriverCommandExecutor.java:183)\r\n\tat org.openqa.selenium.remote.service.DriverCommandExecutor.execute(DriverCommandExecutor.java:158)\r\n\tat org.openqa.selenium.remote.RemoteWebDriver.execute(RemoteWebDriver.java:543)\r\n\tat org.openqa.selenium.remote.RemoteWebElement.execute(RemoteWebElement.java:257)\r\n\tat org.openqa.selenium.remote.RemoteWebElement.click(RemoteWebElement.java:78)\r\n\tat pages.ShoppingCartPage.clickOnCheckout(ShoppingCartPage.java:33)\r\n\tat steps.TestCase1.user_press_proceed_to_checkout_and_select_delivery_options_as_and_and_select_deliver_to_my_address(TestCase1.java:40)\r\n\tat ✽.User Press Proceed to Checkout and Select Delivery Options as \"Cairo\" and \"Ain Shams\" and Select Deliver to My Address(file:///C:/Users/WIN%2010/Desktop/GUI_Vodafone_Task/src/main/resources/features/End2End.feature:7)\r\n"},"stage":"finished","steps":[{"name":"Given  User go to Vodafone Shop website","status":"passed","statusDetails":{"known":false,"muted":false,"flaky":false},"stage":"finished","steps":[],"attachments":[],"parameters":[],"start":1681161153598,"stop":1681161184250},{"name":"When  User select language as English , Go to Shop By Brand section and select Iphone","status":"passed","statusDetails":{"known":false,"muted":false,"flaky":false},"stage":"finished","steps":[],"attachments":[],"parameters":[],"start":1681161184253,"stop":1681161185921},{"name":"And  User select any of returned iphone mobiles and press add to cart","status":"passed","statusDetails":{"known":false,"muted":false,"flaky":false},"stage":"finished","steps":[],"attachments":[],"parameters":[],"start":1681161185922,"stop":1681161198091},{"name":"And  User Press Proceed to Checkout and Select Delivery Options as \"Cairo\" and \"Ain Shams\" and Select Deliver to My Address","status":"broken","statusDetails":{"known":false,"muted":false,"flaky":false,"message":"element click intercepted: Element <button _ngcontent-cxr-c114=\"\" class=\"btn btn-red\" sec_uuid=\"6e025f60ff35\">...</button> is not clickable at point (1130, 586). Other element would receive the click: <a _ngcontent-cxr-c51=\"\" href=\"https://web.vodafone.com.eg/ar/privacy-policy-of-vodafone-egypt\" class=\"cookieLink\" sec_uuid=\"9f2abb521675\">...</a>\n  (Session info: chrome=111.0.5563.147)\nBuild info: version: '4.8.3', revision: 'e5e76298c3'\nSystem info: os.name: 'Windows 10', os.arch: 'amd64', os.version: '10.0', java.version: '19.0.2'\nDriver info: org.openqa.selenium.chrome.ChromeDriver\nCommand: [882a05d5edf37ba24886064c4d64d9ca, clickElement {id=d9be56e4-d7b3-4220-bcf5-9c3ad860d7df}]\nCapabilities {acceptInsecureCerts: false, browserName: chrome, browserVersion: 111.0.5563.147, chrome: {chromedriverVersion: 111.0.5563.64 (c710e93d5b63..., userDataDir: C:\\Users\\WIN10~1\\AppData\\Lo...}, goog:chromeOptions: {debuggerAddress: localhost:62038}, networkConnectionEnabled: false, pageLoadStrategy: normal, platformName: WINDOWS, proxy: Proxy(), se:cdp: ws://localhost:62038/devtoo..., se:cdpVersion: 111.0.5563.147, setWindowRect: true, strictFileInteractability: false, timeouts: {implicit: 0, pageLoad: 300000, script: 30000}, unhandledPromptBehavior: dismiss and notify, webauthn:extension:credBlob: true, webauthn:extension:largeBlob: true, webauthn:extension:minPinLength: true, webauthn:extension:prf: true, webauthn:virtualAuthenticators: true}\nElement: [[ChromeDriver: chrome on WINDOWS (882a05d5edf37ba24886064c4d64d9ca)] -> xpath: /html/body/app-root/div/app-shoping-cart/div/div[1]/div[2]/div[2]/div[2]/div/div[3]/button]\nSession ID: 882a05d5edf37ba24886064c4d64d9ca","trace":"org.openqa.selenium.ElementClickInterceptedException: element click intercepted: Element <button _ngcontent-cxr-c114=\"\" class=\"btn btn-red\" sec_uuid=\"6e025f60ff35\">...</button> is not clickable at point (1130, 586). Other element would receive the click: <a _ngcontent-cxr-c51=\"\" href=\"https://web.vodafone.com.eg/ar/privacy-policy-of-vodafone-egypt\" class=\"cookieLink\" sec_uuid=\"9f2abb521675\">...</a>\n  (Session info: chrome=111.0.5563.147)\nBuild info: version: '4.8.3', revision: 'e5e76298c3'\nSystem info: os.name: 'Windows 10', os.arch: 'amd64', os.version: '10.0', java.version: '19.0.2'\nDriver info: org.openqa.selenium.chrome.ChromeDriver\nCommand: [882a05d5edf37ba24886064c4d64d9ca, clickElement {id=d9be56e4-d7b3-4220-bcf5-9c3ad860d7df}]\nCapabilities {acceptInsecureCerts: false, browserName: chrome, browserVersion: 111.0.5563.147, chrome: {chromedriverVersion: 111.0.5563.64 (c710e93d5b63..., userDataDir: C:\\Users\\WIN10~1\\AppData\\Lo...}, goog:chromeOptions: {debuggerAddress: localhost:62038}, networkConnectionEnabled: false, pageLoadStrategy: normal, platformName: WINDOWS, proxy: Proxy(), se:cdp: ws://localhost:62038/devtoo..., se:cdpVersion: 111.0.5563.147, setWindowRect: true, strictFileInteractability: false, timeouts: {implicit: 0, pageLoad: 300000, script: 30000}, unhandledPromptBehavior: dismiss and notify, webauthn:extension:credBlob: true, webauthn:extension:largeBlob: true, webauthn:extension:minPinLength: true, webauthn:extension:prf: true, webauthn:virtualAuthenticators: true}\nElement: [[ChromeDriver: chrome on WINDOWS (882a05d5edf37ba24886064c4d64d9ca)] -> xpath: /html/body/app-root/div/app-shoping-cart/div/div[1]/div[2]/div[2]/div[2]/div/div[3]/button]\nSession ID: 882a05d5edf37ba24886064c4d64d9ca\r\n\tat java.base/jdk.internal.reflect.DirectConstructorHandleAccessor.newInstance(DirectConstructorHandleAccessor.java:67)\r\n\tat java.base/java.lang.reflect.Constructor.newInstanceWithCaller(Constructor.java:500)\r\n\tat java.base/java.lang.reflect.Constructor.newInstance(Constructor.java:484)\r\n\tat org.openqa.selenium.remote.codec.w3c.W3CHttpResponseCodec.createException(W3CHttpResponseCodec.java:200)\r\n\tat org.openqa.selenium.remote.codec.w3c.W3CHttpResponseCodec.decode(W3CHttpResponseCodec.java:133)\r\n\tat org.openqa.selenium.remote.codec.w3c.W3CHttpResponseCodec.decode(W3CHttpResponseCodec.java:53)\r\n\tat org.openqa.selenium.remote.HttpCommandExecutor.execute(HttpCommandExecutor.java:193)\r\n\tat org.openqa.selenium.remote.service.DriverCommandExecutor.invokeExecute(DriverCommandExecutor.java:183)\r\n\tat org.openqa.selenium.remote.service.DriverCommandExecutor.execute(DriverCommandExecutor.java:158)\r\n\tat org.openqa.selenium.remote.RemoteWebDriver.execute(RemoteWebDriver.java:543)\r\n\tat org.openqa.selenium.remote.RemoteWebElement.execute(RemoteWebElement.java:257)\r\n\tat org.openqa.selenium.remote.RemoteWebElement.click(RemoteWebElement.java:78)\r\n\tat pages.ShoppingCartPage.clickOnCheckout(ShoppingCartPage.java:33)\r\n\tat steps.TestCase1.user_press_proceed_to_checkout_and_select_delivery_options_as_and_and_select_deliver_to_my_address(TestCase1.java:40)\r\n\tat ✽.User Press Proceed to Checkout and Select Delivery Options as \"Cairo\" and \"Ain Shams\" and Select Deliver to My Address(file:///C:/Users/WIN%2010/Desktop/GUI_Vodafone_Task/src/main/resources/features/End2End.feature:7)\r\n"},"stage":"finished","steps":[],"attachments":[],"parameters":[],"start":1681161198092,"stop":1681161200777},{"name":"And  User Add address details StreetName as \"emam yousef\" BuildingNO as \"12\" FloorNO as \"2\" ApartmentNO as \"21\" LandMarkField as \"school\" AddressName as \"yousef\" and Press continue","status":"skipped","statusDetails":{"known":false,"muted":false,"flaky":false},"stage":"finished","steps":[],"attachments":[],"parameters":[],"start":1681161200781,"stop":1681161200782},{"name":"And  Leave Personal info empty and Press continue","status":"skipped","statusDetails":{"known":false,"muted":false,"flaky":false},"stage":"finished","steps":[],"attachments":[],"parameters":[],"start":1681161200783,"stop":1681161200784},{"name":"Then  error message returned from Full Name field","status":"skipped","statusDetails":{"known":false,"muted":false,"flaky":false},"stage":"finished","steps":[],"attachments":[],"parameters":[],"start":1681161200785,"stop":1681161200786}],"attachments":[],"parameters":[],"start":1681161153594,"stop":1681161200792}